2020-08-27 17:34:59 -Starting ShouBaApplication on PC-201905161910 with PID 9072 (D:\project\ShoubaApp\target\classes started by Administrator in D:\project\ShoubaApp)
2020-08-27 17:34:59 -Running with Spring Boot v2.1.1.RELEASE, Spring v5.1.3.RELEASE
2020-08-27 17:34:59 -The following profiles are active: dev
2020-08-27 17:35:00 -Skipping MapperFactoryBean with name 'userInfoMapper' and 'com.renegade.dao.yilian.UserInfoMapper' mapperInterface. Bean already defined with the same name!
2020-08-27 17:35:00 -Skipping MapperFactoryBean with name 'userMapper' and 'com.renegade.dao.yilian.UserMapper' mapperInterface. Bean already defined with the same name!
2020-08-27 17:35:00 -Skipping MapperFactoryBean with name 'userRoleMapper' and 'com.renegade.dao.yilian.UserRoleMapper' mapperInterface. Bean already defined with the same name!
2020-08-27 17:35:00 -Skipping MapperFactoryBean with name 'yilianMapper' and 'com.renegade.dao.yilian.YilianMapper' mapperInterface. Bean already defined with the same name!
2020-08-27 17:35:00 -Multiple Spring Data modules found, entering strict repository configuration mode!
2020-08-27 17:35:00 -Bootstrapping Spring Data repositories in DEFAULT mode.
2020-08-27 17:35:00 -Finished Spring Data repository scanning in 33ms. Found 0 repository interfaces.
2020-08-27 17:35:00 -Multiple Spring Data modules found, entering strict repository configuration mode!
2020-08-27 17:35:00 -Bootstrapping Spring Data repositories in DEFAULT mode.
2020-08-27 17:35:00 -Finished Spring Data repository scanning in 11ms. Found 0 repository interfaces.
2020-08-27 17:35:00 -Bean 'threadPoolExecutorConfig' of type [com.renegade.config.ThreadPoolExecutorConfig$$EnhancerBySpringCGLIB$$e2e2efb0] is not eligible for getting processed by all BeanPostProcessors (for example: not eligible for auto-proxying)
2020-08-27 17:35:00 -Bean 'org.springframework.transaction.annotation.ProxyTransactionManagementConfiguration' of type [org.springframework.transaction.annotation.ProxyTransactionManagementConfiguration$$EnhancerBySpringCGLIB$$bcbe16e0] is not eligible for getting processed by all BeanPostProcessors (for example: not eligible for auto-proxying)
2020-08-27 17:35:01 -Tomcat initialized with port(s): 8686 (http)
2020-08-27 17:35:01 -Initializing ProtocolHandler ["http-nio-8686"]
2020-08-27 17:35:01 -Starting service [Tomcat]
2020-08-27 17:35:01 -Starting Servlet Engine: Apache Tomcat/9.0.13
2020-08-27 17:35:01 -The APR based Apache Tomcat Native library which allows optimal performance in production environments was not found on the java.library.path: [C:\Program Files\Java\jdk1.8.0_181\bin;C:\Windows\Sun\Java\bin;C:\Windows\system32;C:\Windows;C:\Program Files (x86)\NetSarang\Xshell 6\;C:\Python27\;C:\Python27\Scripts;C:\Program Files (x86)\NetSarang\Xftp 6\;C:\Program Files (x86)\Common Files\Oracle\Java\javapath;C:\Windows\system32;C:\Windows;C:\Windows\System32\Wbem;C:\Windows\System32\WindowsPowerShell\v1.0\;C:\Program Files (x86)\MySQL\MySQL Utilities 1.6\;C:\Program Files\TortoiseSVN\bin;C:\Program Files\Git\cmd;C:\ProgramData\chocolatey\bin;C:\Program Files\Geth;D:\360Downloads\web3j-3.6.0\bin;C:\Program Files\nodejs\;C:\Program Files\Microsoft SQL Server\120\DTS\Binn\;C:\Program Files\Microsoft SQL Server\Client SDK\ODBC\110\Tools\Binn\;C:\Program Files (x86)\Microsoft SQL Server\120\Tools\Binn\;C:\Program Files\Microsoft SQL Server\120\Tools\Binn\;C:\Program Files (x86)\Microsoft SQL Server\120\Tools\Binn\ManagementStudio\;C:\Program Files (x86)\Microsoft SQL Server\120\DTS\Binn\;C:\Program Files\Redis\;D:\360Downloads\apache-maven-3.6.1\apache-maven-3.6.1\bin;"C:\Windows\system32;C:\Windows;C:\Windows\System32\Wbem;";;C:\Program Files\python;C:\Program Files\python\Scripts;;D:\BtSoft\panel\script;C:\Users\Administrator\AppData\Local\Microsoft\WindowsApps;C:\Program Files\Microsoft VS Code\bin;D:\360Downloads\web3j-3.6.0\bin;C:\Users\Administrator\AppData\Roaming\npm;C:\Program Files\Java\jdk1.8.0_181;;.]
2020-08-27 17:35:01 -Initializing Spring embedded WebApplicationContext
2020-08-27 17:35:01 -Root WebApplicationContext: initialization completed in 2298 ms
2020-08-27 17:35:01 -xss filter init~~~~~~~~~~~~
2020-08-27 17:35:02 -Renegade-四叶草-Hikari - Starting...
2020-08-27 17:35:02 -Renegade-四叶草-Hikari - Start completed.
2020-08-27 17:35:02 -HHH000204: Processing PersistenceUnitInfo [
	name: default
	...]
2020-08-27 17:35:02 -HHH000412: Hibernate Core {5.3.7.Final}
2020-08-27 17:35:02 -HHH000206: hibernate.properties not found
2020-08-27 17:35:02 -HCANN000001: Hibernate Commons Annotations {5.0.4.Final}
2020-08-27 17:35:02 -HHH000400: Using dialect: org.hibernate.dialect.MySQL5Dialect
2020-08-27 17:35:03 -Initialized JPA EntityManagerFactory for persistence unit 'default'
2020-08-27 17:35:03 -Redisson 3.9.1
2020-08-27 17:35:04 -9 connections initialized for 127.0.0.1/127.0.0.1:6379
2020-08-27 17:35:04 -1 connections initialized for 127.0.0.1/127.0.0.1:6379
2020-08-27 17:35:05 -Using default implementation for ThreadExecutor
2020-08-27 17:35:05 -Initialized Scheduler Signaller of type: class org.quartz.core.SchedulerSignalerImpl
2020-08-27 17:35:05 -Quartz Scheduler v.2.3.0 created.
2020-08-27 17:35:05 -RAMJobStore initialized.
2020-08-27 17:35:05 -Scheduler meta-data: Quartz Scheduler (v2.3.0) 'schedulerFactoryBean' with instanceId 'NON_CLUSTERED'
  Scheduler class: 'org.quartz.core.QuartzScheduler' - running locally.
  NOT STARTED.
  Currently in standby mode.
  Number of jobs executed: 0
  Using thread pool 'org.quartz.simpl.SimpleThreadPool' - with 10 threads.
  Using job-store 'org.quartz.simpl.RAMJobStore' - which does not support persistence. and is not clustered.

2020-08-27 17:35:05 -Quartz scheduler 'schedulerFactoryBean' initialized from an externally provided properties instance.
2020-08-27 17:35:05 -Quartz scheduler version: 2.3.0
2020-08-27 17:35:05 -JobFactory set to: org.springframework.scheduling.quartz.AdaptableJobFactory@1fb00a6d
2020-08-27 17:35:05 -Initializing ExecutorService
2020-08-27 17:35:05 -Initializing ExecutorService 'asyncExecutor'
2020-08-27 17:35:05 -spring.jpa.open-in-view is enabled by default. Therefore, database queries may be performed during view rendering. Explicitly configure spring.jpa.open-in-view to disable this warning
2020-08-27 17:35:06 -[THYMELEAF][main] Template Mode 'LEGACYHTML5' is deprecated. Using Template Mode 'HTML' instead.
2020-08-27 17:35:06 -Initializing ExecutorService 'taskScheduler'
2020-08-27 17:35:06 -Starting Quartz Scheduler now
2020-08-27 17:35:06 -Scheduler schedulerFactoryBean_$_NON_CLUSTERED started.
2020-08-27 17:35:06 -======>>>>>>>>>>>>>RedissionDSHOrder启动OK<<<<<<<<<<<<<<<<================
2020-08-27 17:35:06 -Starting ProtocolHandler ["http-nio-8686"]
2020-08-27 17:35:06 -Using a shared selector for servlet write/read
2020-08-27 17:35:06 -Tomcat started on port(s): 8686 (http) with context path ''
2020-08-27 17:35:06 -Started ShouBaApplication in 8.567 seconds (JVM running for 9.827)
2020-08-27 17:35:16 -A cookie header was received [1594017985,1594035870,1594887285; JSESSIONID=bdbe11ce-e80a-4e4c-b91a-453a1085b4c7] that contained an invalid cookie. That cookie will be ignored.Note: further occurrences of this error will be logged at DEBUG level.
2020-08-27 17:35:16 -Initializing Spring DispatcherServlet 'dispatcherServlet'
2020-08-27 17:35:16 -Initializing Servlet 'dispatcherServlet'
2020-08-27 17:35:16 -Completed initialization in 15 ms
2020-08-27 17:35:16 -==>请求参数 : [{}]
2020-08-27 17:35:16 -==>请求地址 : http://localhost:8686/
2020-08-27 17:35:16 -==>请求头: null格式: GET
2020-08-27 17:35:16 -==>请求加载类方法 : com.renegade.controller.LoginController.welcome
2020-08-27 17:35:16 -耗时 : 1
2020-08-27 17:35:16 -<==返回值 : redirect:/login
2020-08-27 17:35:16 -==>请求参数 : [null, com.renegade.filter.XssHttpServletRequestWrapper@11544ae7]
2020-08-27 17:35:16 -==>请求地址 : http://localhost:8686/login
2020-08-27 17:35:16 -==>请求头: null格式: GET
2020-08-27 17:35:16 -==>请求加载类方法 : com.renegade.controller.LoginController.login
2020-08-27 17:35:16 -耗时 : 8
2020-08-27 17:35:16 -<==返回值 : /login
2020-08-27 17:36:16 -==>请求参数 : [org.apache.catalina.session.StandardSessionFacade@61d77ed3, org.apache.catalina.connector.ResponseFacade@609e62ab, {login_pwd=9db06bcff9248837f86d1a6bcf41c9e7, login_name=yewuyuan, timeStamp=1598520976219, sign=A0E2C9CF2413CD11F61D01ADEFFCC7FA}]
2020-08-27 17:36:16 -==>请求地址 : http://localhost:8686/yilian/api/login
2020-08-27 17:36:16 -==>请求头: application/x-www-form-urlencoded; charset=UTF-8格式: POST
2020-08-27 17:36:16 -==>请求加载类方法 : com.renegade.controller.yilian.YilianController.login
2020-08-27 17:36:16 -==>  Preparing: select * from yl_staff_info where login_name=? and login_pwd=? 
2020-08-27 17:36:16 -==> Parameters: yewuyuan(String), 9db06bcff9248837f86d1a6bcf41c9e7(String)
2020-08-27 17:36:16 -<==      Total: 1
2020-08-27 17:36:16 -耗时 : 99
2020-08-27 17:36:16 -<==返回值 : com.renegade.domain.yilian.dto.ResultModel@32aac89e
2020-08-27 17:36:18 -==>请求参数 : [com.renegade.filter.XssHttpServletRequestWrapper@5f24eabe, org.apache.catalina.connector.ResponseFacade@609e62ab, {}]
2020-08-27 17:36:18 -==>请求地址 : http://localhost:8686/yilian/api/index
2020-08-27 17:36:18 -==>请求头: null格式: GET
2020-08-27 17:36:18 -==>请求加载类方法 : com.renegade.controller.yilian.YilianController.index
2020-08-27 17:36:18 -耗时 : 1
2020-08-27 17:36:18 -<==返回值 : /staff/index
2020-08-27 17:36:20 -==>请求参数 : []
2020-08-27 17:36:20 -==>请求地址 : http://localhost:8686/yilian/api/staffCheckInUser
2020-08-27 17:36:20 -==>请求头: null格式: GET
2020-08-27 17:36:20 -==>请求加载类方法 : com.renegade.controller.yilian.YilianController.staffCheckInUser
2020-08-27 17:36:20 -耗时 : 0
2020-08-27 17:36:20 -<==返回值 : /staff/staffCheckInUser
2020-08-27 17:36:25 -==>请求参数 : [org.apache.catalina.session.StandardSessionFacade@61d77ed3, org.apache.catalina.connector.ResponseFacade@53af75a8, {}, null]
2020-08-27 17:36:25 -==>请求地址 : http://localhost:8686/yilian/api/withholdUser
2020-08-27 17:36:25 -==>请求头: null格式: GET
2020-08-27 17:36:25 -==>请求加载类方法 : com.renegade.controller.yilian.YilianController.withholdUser
2020-08-27 17:36:25 -==>  Preparing: select * from yl_user_info where staff_no=? 
2020-08-27 17:36:25 -==> Parameters: 12(Long)
2020-08-27 17:36:25 -<==      Total: 13
2020-08-27 17:36:25 -耗时 : 75
2020-08-27 17:36:25 -<==返回值 : /staff/withhold
2020-08-27 17:36:37 -==>请求参数 : [org.apache.catalina.session.StandardSessionFacade@61d77ed3, org.apache.catalina.connector.ResponseFacade@53af75a8, 38, 000000]
2020-08-27 17:36:37 -==>请求地址 : http://localhost:8686/yilian/api/withhold/38
2020-08-27 17:36:37 -==>请求头: application/x-www-form-urlencoded; charset=UTF-8格式: POST
2020-08-27 17:36:37 -==>请求加载类方法 : com.renegade.controller.yilian.YilianController.withhold
2020-08-27 17:36:37 -==>  Preparing: select * from yl_user_info where id=? 
2020-08-27 17:36:37 -==> Parameters: 38(String)
2020-08-27 17:36:37 -<==      Total: 1
2020-08-27 17:36:37 -==>  Preparing: insert into yl_user_order(real_name,user_tel,user_card,verfiy_code,bank_account,bank_name,amount,merch_order_id, staff_no,staff_name,staff_tel,org_no,org_name,org_agent,org_agent_name,sms_flag,sms_id,user_id,create_time) values(?,?,?,?,?,?,?,?, ?,?,?,?,?,?,?, ?,?,?,?) 
2020-08-27 17:36:37 -==> Parameters: bbbb1123(String), 18124242084(String), 431021198709040034(String), 000000(String), 6226200600660223(String), 民生银行(String), 223(BigDecimal), null, 12(Integer), 贷款业务员(String), 13965656544(String), 110(Integer), 贷款合作公司(String), 0(Integer), null, null, null, 38(Integer), 2020-08-22 19:04:58.0(Timestamp)
2020-08-27 17:36:37 -<==    Updates: 1
2020-08-27 17:36:37 -==>  Preparing: select * from yl_staff_info where id=? 
2020-08-27 17:36:37 -==> Parameters: 12(String)
2020-08-27 17:36:37 -<==      Total: 1
2020-08-27 17:36:37 -==>  Preparing: select * from yl_staff_info where id=? 
2020-08-27 17:36:37 -==> Parameters: 11(String)
2020-08-27 17:36:37 -<==      Total: 1
2020-08-27 17:36:37 -Going to buffer response body of large or unknown size. Using getResponseBodyAsStream instead is recommended.
2020-08-27 17:36:37 -耗时 : 388
2020-08-27 17:36:37 -<==返回值 : com.renegade.domain.yilian.dto.ResultModel@87973d
2020-08-27 17:36:39 -==>请求参数 : [com.renegade.filter.XssHttpServletRequestWrapper@6536e5b7, org.apache.catalina.connector.ResponseFacade@53af75a8, {}]
2020-08-27 17:36:39 -==>请求地址 : http://localhost:8686/yilian/api/index
2020-08-27 17:36:39 -==>请求头: null格式: GET
2020-08-27 17:36:39 -==>请求加载类方法 : com.renegade.controller.yilian.YilianController.index
2020-08-27 17:36:39 -耗时 : 0
2020-08-27 17:36:39 -<==返回值 : /staff/index
2020-08-27 17:53:20 -Scheduler schedulerFactoryBean_$_NON_CLUSTERED paused.
2020-08-27 17:53:20 -Shutting down ExecutorService 'taskScheduler'
2020-08-27 17:53:20 -Shutting down ExecutorService 'asyncExecutor'
2020-08-27 17:53:20 -Shutting down Quartz Scheduler
2020-08-27 17:53:20 -Scheduler schedulerFactoryBean_$_NON_CLUSTERED shutting down.
2020-08-27 17:53:20 -Scheduler schedulerFactoryBean_$_NON_CLUSTERED paused.
2020-08-27 17:53:20 -Scheduler schedulerFactoryBean_$_NON_CLUSTERED shutdown complete.
2020-08-27 17:53:20 -Exception occured. Channel: [id: 0x6b8e5543, L:/127.0.0.1:61947 - R:127.0.0.1/127.0.0.1:6379]
java.io.IOException: 远程主机强迫关闭了一个现有的连接。
	at sun.nio.ch.SocketDispatcher.read0(Native Method)
	at sun.nio.ch.SocketDispatcher.read(SocketDispatcher.java:43)
	at sun.nio.ch.IOUtil.readIntoNativeBuffer(IOUtil.java:223)
	at sun.nio.ch.IOUtil.read(IOUtil.java:192)
	at sun.nio.ch.SocketChannelImpl.read(SocketChannelImpl.java:380)
	at io.netty.buffer.PooledUnsafeDirectByteBuf.setBytes(PooledUnsafeDirectByteBuf.java:288)
	at io.netty.buffer.AbstractByteBuf.writeBytes(AbstractByteBuf.java:1132)
	at io.netty.channel.socket.nio.NioSocketChannel.doReadBytes(NioSocketChannel.java:347)
	at io.netty.channel.nio.AbstractNioByteChannel$NioByteUnsafe.read(AbstractNioByteChannel.java:148)
	at io.netty.channel.nio.NioEventLoop.processSelectedKey(NioEventLoop.java:648)
	at io.netty.channel.nio.NioEventLoop.processSelectedKeysOptimized(NioEventLoop.java:583)
	at io.netty.channel.nio.NioEventLoop.processSelectedKeys(NioEventLoop.java:500)
	at io.netty.channel.nio.NioEventLoop.run(NioEventLoop.java:462)
	at io.netty.util.concurrent.SingleThreadEventExecutor$5.run(SingleThreadEventExecutor.java:897)
	at io.netty.util.concurrent.FastThreadLocalRunnable.run(FastThreadLocalRunnable.java:30)
	at java.lang.Thread.run(Thread.java:748)
2020-08-27 17:53:20 -Exception occured. Channel: [id: 0x620bea36, L:/127.0.0.1:61941 - R:127.0.0.1/127.0.0.1:6379]
java.io.IOException: 远程主机强迫关闭了一个现有的连接。
	at sun.nio.ch.SocketDispatcher.read0(Native Method)
	at sun.nio.ch.SocketDispatcher.read(SocketDispatcher.java:43)
	at sun.nio.ch.IOUtil.readIntoNativeBuffer(IOUtil.java:223)
	at sun.nio.ch.IOUtil.read(IOUtil.java:192)
	at sun.nio.ch.SocketChannelImpl.read(SocketChannelImpl.java:380)
	at io.netty.buffer.PooledUnsafeDirectByteBuf.setBytes(PooledUnsafeDirectByteBuf.java:288)
	at io.netty.buffer.AbstractByteBuf.writeBytes(AbstractByteBuf.java:1132)
	at io.netty.channel.socket.nio.NioSocketChannel.doReadBytes(NioSocketChannel.java:347)
	at io.netty.channel.nio.AbstractNioByteChannel$NioByteUnsafe.read(AbstractNioByteChannel.java:148)
	at io.netty.channel.nio.NioEventLoop.processSelectedKey(NioEventLoop.java:648)
	at io.netty.channel.nio.NioEventLoop.processSelectedKeysOptimized(NioEventLoop.java:583)
	at io.netty.channel.nio.NioEventLoop.processSelectedKeys(NioEventLoop.java:500)
	at io.netty.channel.nio.NioEventLoop.run(NioEventLoop.java:462)
	at io.netty.util.concurrent.SingleThreadEventExecutor$5.run(SingleThreadEventExecutor.java:897)
	at io.netty.util.concurrent.FastThreadLocalRunnable.run(FastThreadLocalRunnable.java:30)
	at java.lang.Thread.run(Thread.java:748)
2020-08-27 17:53:20 -Exception occured. Channel: [id: 0xf7dc101b, L:/127.0.0.1:61940 - R:127.0.0.1/127.0.0.1:6379]
java.io.IOException: 远程主机强迫关闭了一个现有的连接。
	at sun.nio.ch.SocketDispatcher.read0(Native Method)
	at sun.nio.ch.SocketDispatcher.read(SocketDispatcher.java:43)
	at sun.nio.ch.IOUtil.readIntoNativeBuffer(IOUtil.java:223)
	at sun.nio.ch.IOUtil.read(IOUtil.java:192)
	at sun.nio.ch.SocketChannelImpl.read(SocketChannelImpl.java:380)
	at io.netty.buffer.PooledUnsafeDirectByteBuf.setBytes(PooledUnsafeDirectByteBuf.java:288)
	at io.netty.buffer.AbstractByteBuf.writeBytes(AbstractByteBuf.java:1132)
	at io.netty.channel.socket.nio.NioSocketChannel.doReadBytes(NioSocketChannel.java:347)
	at io.netty.channel.nio.AbstractNioByteChannel$NioByteUnsafe.read(AbstractNioByteChannel.java:148)
	at io.netty.channel.nio.NioEventLoop.processSelectedKey(NioEventLoop.java:648)
	at io.netty.channel.nio.NioEventLoop.processSelectedKeysOptimized(NioEventLoop.java:583)
	at io.netty.channel.nio.NioEventLoop.processSelectedKeys(NioEventLoop.java:500)
	at io.netty.channel.nio.NioEventLoop.run(NioEventLoop.java:462)
	at io.netty.util.concurrent.SingleThreadEventExecutor$5.run(SingleThreadEventExecutor.java:897)
	at io.netty.util.concurrent.FastThreadLocalRunnable.run(FastThreadLocalRunnable.java:30)
	at java.lang.Thread.run(Thread.java:748)
2020-08-27 17:53:20 -Exception occured. Channel: [id: 0xf8ec1d71, L:/127.0.0.1:61938 - R:127.0.0.1/127.0.0.1:6379]
java.io.IOException: 远程主机强迫关闭了一个现有的连接。
	at sun.nio.ch.SocketDispatcher.read0(Native Method)
	at sun.nio.ch.SocketDispatcher.read(SocketDispatcher.java:43)
	at sun.nio.ch.IOUtil.readIntoNativeBuffer(IOUtil.java:223)
	at sun.nio.ch.IOUtil.read(IOUtil.java:192)
	at sun.nio.ch.SocketChannelImpl.read(SocketChannelImpl.java:380)
	at io.netty.buffer.PooledUnsafeDirectByteBuf.setBytes(PooledUnsafeDirectByteBuf.java:288)
	at io.netty.buffer.AbstractByteBuf.writeBytes(AbstractByteBuf.java:1132)
	at io.netty.channel.socket.nio.NioSocketChannel.doReadBytes(NioSocketChannel.java:347)
	at io.netty.channel.nio.AbstractNioByteChannel$NioByteUnsafe.read(AbstractNioByteChannel.java:148)
	at io.netty.channel.nio.NioEventLoop.processSelectedKey(NioEventLoop.java:648)
	at io.netty.channel.nio.NioEventLoop.processSelectedKeysOptimized(NioEventLoop.java:583)
	at io.netty.channel.nio.NioEventLoop.processSelectedKeys(NioEventLoop.java:500)
	at io.netty.channel.nio.NioEventLoop.run(NioEventLoop.java:462)
	at io.netty.util.concurrent.SingleThreadEventExecutor$5.run(SingleThreadEventExecutor.java:897)
	at io.netty.util.concurrent.FastThreadLocalRunnable.run(FastThreadLocalRunnable.java:30)
	at java.lang.Thread.run(Thread.java:748)
2020-08-27 17:53:20 -Exception occured. Channel: [id: 0x3c453439, L:/127.0.0.1:61946 - R:127.0.0.1/127.0.0.1:6379]
java.io.IOException: 远程主机强迫关闭了一个现有的连接。
	at sun.nio.ch.SocketDispatcher.read0(Native Method)
	at sun.nio.ch.SocketDispatcher.read(SocketDispatcher.java:43)
	at sun.nio.ch.IOUtil.readIntoNativeBuffer(IOUtil.java:223)
	at sun.nio.ch.IOUtil.read(IOUtil.java:192)
	at sun.nio.ch.SocketChannelImpl.read(SocketChannelImpl.java:380)
	at io.netty.buffer.PooledUnsafeDirectByteBuf.setBytes(PooledUnsafeDirectByteBuf.java:288)
	at io.netty.buffer.AbstractByteBuf.writeBytes(AbstractByteBuf.java:1132)
	at io.netty.channel.socket.nio.NioSocketChannel.doReadBytes(NioSocketChannel.java:347)
	at io.netty.channel.nio.AbstractNioByteChannel$NioByteUnsafe.read(AbstractNioByteChannel.java:148)
	at io.netty.channel.nio.NioEventLoop.processSelectedKey(NioEventLoop.java:648)
	at io.netty.channel.nio.NioEventLoop.processSelectedKeysOptimized(NioEventLoop.java:583)
	at io.netty.channel.nio.NioEventLoop.processSelectedKeys(NioEventLoop.java:500)
	at io.netty.channel.nio.NioEventLoop.run(NioEventLoop.java:462)
	at io.netty.util.concurrent.SingleThreadEventExecutor$5.run(SingleThreadEventExecutor.java:897)
	at io.netty.util.concurrent.FastThreadLocalRunnable.run(FastThreadLocalRunnable.java:30)
	at java.lang.Thread.run(Thread.java:748)
2020-08-27 17:53:20 -Exception occured. Channel: [id: 0x3924c894, L:/127.0.0.1:61942 - R:127.0.0.1/127.0.0.1:6379]
java.io.IOException: 远程主机强迫关闭了一个现有的连接。
	at sun.nio.ch.SocketDispatcher.read0(Native Method)
	at sun.nio.ch.SocketDispatcher.read(SocketDispatcher.java:43)
	at sun.nio.ch.IOUtil.readIntoNativeBuffer(IOUtil.java:223)
	at sun.nio.ch.IOUtil.read(IOUtil.java:192)
	at sun.nio.ch.SocketChannelImpl.read(SocketChannelImpl.java:380)
	at io.netty.buffer.PooledUnsafeDirectByteBuf.setBytes(PooledUnsafeDirectByteBuf.java:288)
	at io.netty.buffer.AbstractByteBuf.writeBytes(AbstractByteBuf.java:1132)
	at io.netty.channel.socket.nio.NioSocketChannel.doReadBytes(NioSocketChannel.java:347)
	at io.netty.channel.nio.AbstractNioByteChannel$NioByteUnsafe.read(AbstractNioByteChannel.java:148)
	at io.netty.channel.nio.NioEventLoop.processSelectedKey(NioEventLoop.java:648)
	at io.netty.channel.nio.NioEventLoop.processSelectedKeysOptimized(NioEventLoop.java:583)
	at io.netty.channel.nio.NioEventLoop.processSelectedKeys(NioEventLoop.java:500)
	at io.netty.channel.nio.NioEventLoop.run(NioEventLoop.java:462)
	at io.netty.util.concurrent.SingleThreadEventExecutor$5.run(SingleThreadEventExecutor.java:897)
	at io.netty.util.concurrent.FastThreadLocalRunnable.run(FastThreadLocalRunnable.java:30)
	at java.lang.Thread.run(Thread.java:748)
2020-08-27 17:53:20 -Exception occured. Channel: [id: 0xd3603f6e, L:/127.0.0.1:61944 - R:127.0.0.1/127.0.0.1:6379]
java.io.IOException: 远程主机强迫关闭了一个现有的连接。
	at sun.nio.ch.SocketDispatcher.read0(Native Method)
	at sun.nio.ch.SocketDispatcher.read(SocketDispatcher.java:43)
	at sun.nio.ch.IOUtil.readIntoNativeBuffer(IOUtil.java:223)
	at sun.nio.ch.IOUtil.read(IOUtil.java:192)
	at sun.nio.ch.SocketChannelImpl.read(SocketChannelImpl.java:380)
	at io.netty.buffer.PooledUnsafeDirectByteBuf.setBytes(PooledUnsafeDirectByteBuf.java:288)
	at io.netty.buffer.AbstractByteBuf.writeBytes(AbstractByteBuf.java:1132)
	at io.netty.channel.socket.nio.NioSocketChannel.doReadBytes(NioSocketChannel.java:347)
	at io.netty.channel.nio.AbstractNioByteChannel$NioByteUnsafe.read(AbstractNioByteChannel.java:148)
	at io.netty.channel.nio.NioEventLoop.processSelectedKey(NioEventLoop.java:648)
	at io.netty.channel.nio.NioEventLoop.processSelectedKeysOptimized(NioEventLoop.java:583)
	at io.netty.channel.nio.NioEventLoop.processSelectedKeys(NioEventLoop.java:500)
	at io.netty.channel.nio.NioEventLoop.run(NioEventLoop.java:462)
	at io.netty.util.concurrent.SingleThreadEventExecutor$5.run(SingleThreadEventExecutor.java:897)
	at io.netty.util.concurrent.FastThreadLocalRunnable.run(FastThreadLocalRunnable.java:30)
	at java.lang.Thread.run(Thread.java:748)
2020-08-27 17:53:20 -Exception occured. Channel: [id: 0x9842cac7, L:/127.0.0.1:61943 - R:127.0.0.1/127.0.0.1:6379]
java.io.IOException: 远程主机强迫关闭了一个现有的连接。
	at sun.nio.ch.SocketDispatcher.read0(Native Method)
	at sun.nio.ch.SocketDispatcher.read(SocketDispatcher.java:43)
	at sun.nio.ch.IOUtil.readIntoNativeBuffer(IOUtil.java:223)
	at sun.nio.ch.IOUtil.read(IOUtil.java:192)
	at sun.nio.ch.SocketChannelImpl.read(SocketChannelImpl.java:380)
	at io.netty.buffer.PooledUnsafeDirectByteBuf.setBytes(PooledUnsafeDirectByteBuf.java:288)
	at io.netty.buffer.AbstractByteBuf.writeBytes(AbstractByteBuf.java:1132)
	at io.netty.channel.socket.nio.NioSocketChannel.doReadBytes(NioSocketChannel.java:347)
	at io.netty.channel.nio.AbstractNioByteChannel$NioByteUnsafe.read(AbstractNioByteChannel.java:148)
	at io.netty.channel.nio.NioEventLoop.processSelectedKey(NioEventLoop.java:648)
	at io.netty.channel.nio.NioEventLoop.processSelectedKeysOptimized(NioEventLoop.java:583)
	at io.netty.channel.nio.NioEventLoop.processSelectedKeys(NioEventLoop.java:500)
	at io.netty.channel.nio.NioEventLoop.run(NioEventLoop.java:462)
	at io.netty.util.concurrent.SingleThreadEventExecutor$5.run(SingleThreadEventExecutor.java:897)
	at io.netty.util.concurrent.FastThreadLocalRunnable.run(FastThreadLocalRunnable.java:30)
	at java.lang.Thread.run(Thread.java:748)
2020-08-27 17:53:20 -Exception occured. Channel: [id: 0x7d1d0a87, L:/127.0.0.1:61939 - R:127.0.0.1/127.0.0.1:6379]
java.io.IOException: 远程主机强迫关闭了一个现有的连接。
	at sun.nio.ch.SocketDispatcher.read0(Native Method)
	at sun.nio.ch.SocketDispatcher.read(SocketDispatcher.java:43)
	at sun.nio.ch.IOUtil.readIntoNativeBuffer(IOUtil.java:223)
	at sun.nio.ch.IOUtil.read(IOUtil.java:192)
	at sun.nio.ch.SocketChannelImpl.read(SocketChannelImpl.java:380)
	at io.netty.buffer.PooledUnsafeDirectByteBuf.setBytes(PooledUnsafeDirectByteBuf.java:288)
	at io.netty.buffer.AbstractByteBuf.writeBytes(AbstractByteBuf.java:1132)
	at io.netty.channel.socket.nio.NioSocketChannel.doReadBytes(NioSocketChannel.java:347)
	at io.netty.channel.nio.AbstractNioByteChannel$NioByteUnsafe.read(AbstractNioByteChannel.java:148)
	at io.netty.channel.nio.NioEventLoop.processSelectedKey(NioEventLoop.java:648)
	at io.netty.channel.nio.NioEventLoop.processSelectedKeysOptimized(NioEventLoop.java:583)
	at io.netty.channel.nio.NioEventLoop.processSelectedKeys(NioEventLoop.java:500)
	at io.netty.channel.nio.NioEventLoop.run(NioEventLoop.java:462)
	at io.netty.util.concurrent.SingleThreadEventExecutor$5.run(SingleThreadEventExecutor.java:897)
	at io.netty.util.concurrent.FastThreadLocalRunnable.run(FastThreadLocalRunnable.java:30)
	at java.lang.Thread.run(Thread.java:748)
2020-08-27 17:53:20 -Closing JPA EntityManagerFactory for persistence unit 'default'
2020-08-27 17:53:20 -Renegade-四叶草-Hikari - Shutdown initiated...
2020-08-27 17:53:20 -Renegade-四叶草-Hikari - Shutdown completed.
