2020-08-14 18:25:15 -Starting ShouBaApplication on PC-201905161910 with PID 23712 (D:\project\ShoubaApp\target\classes started by Administrator in D:\project\ShoubaApp)
2020-08-14 18:25:15 -Running with Spring Boot v2.1.1.RELEASE, Spring v5.1.3.RELEASE
2020-08-14 18:25:15 -The following profiles are active: dev
2020-08-14 18:25:16 -Skipping MapperFactoryBean with name 'userInfoMapper' and 'com.renegade.dao.yilian.UserInfoMapper' mapperInterface. Bean already defined with the same name!
2020-08-14 18:25:16 -Skipping MapperFactoryBean with name 'userMapper' and 'com.renegade.dao.yilian.UserMapper' mapperInterface. Bean already defined with the same name!
2020-08-14 18:25:16 -Skipping MapperFactoryBean with name 'userRoleMapper' and 'com.renegade.dao.yilian.UserRoleMapper' mapperInterface. Bean already defined with the same name!
2020-08-14 18:25:16 -Skipping MapperFactoryBean with name 'yilianMapper' and 'com.renegade.dao.yilian.YilianMapper' mapperInterface. Bean already defined with the same name!
2020-08-14 18:25:16 -Multiple Spring Data modules found, entering strict repository configuration mode!
2020-08-14 18:25:16 -Bootstrapping Spring Data repositories in DEFAULT mode.
2020-08-14 18:25:16 -Finished Spring Data repository scanning in 32ms. Found 0 repository interfaces.
2020-08-14 18:25:16 -Multiple Spring Data modules found, entering strict repository configuration mode!
2020-08-14 18:25:16 -Bootstrapping Spring Data repositories in DEFAULT mode.
2020-08-14 18:25:16 -Finished Spring Data repository scanning in 12ms. Found 0 repository interfaces.
2020-08-14 18:25:17 -Bean 'threadPoolExecutorConfig' of type [com.renegade.config.ThreadPoolExecutorConfig$$EnhancerBySpringCGLIB$$5ae4b08b] is not eligible for getting processed by all BeanPostProcessors (for example: not eligible for auto-proxying)
2020-08-14 18:25:17 -Bean 'org.springframework.transaction.annotation.ProxyTransactionManagementConfiguration' of type [org.springframework.transaction.annotation.ProxyTransactionManagementConfiguration$$EnhancerBySpringCGLIB$$34bfd7bb] is not eligible for getting processed by all BeanPostProcessors (for example: not eligible for auto-proxying)
2020-08-14 18:25:17 -Tomcat initialized with port(s): 8686 (http)
2020-08-14 18:25:17 -Initializing ProtocolHandler ["http-nio-8686"]
2020-08-14 18:25:17 -Starting service [Tomcat]
2020-08-14 18:25:17 -Starting Servlet Engine: Apache Tomcat/9.0.13
2020-08-14 18:25:17 -The APR based Apache Tomcat Native library which allows optimal performance in production environments was not found on the java.library.path: [C:\Program Files\Java\jdk1.8.0_181\bin;C:\Windows\Sun\Java\bin;C:\Windows\system32;C:\Windows;C:\Program Files (x86)\NetSarang\Xshell 6\;C:\Python27\;C:\Python27\Scripts;C:\Program Files (x86)\NetSarang\Xftp 6\;C:\Program Files (x86)\Common Files\Oracle\Java\javapath;C:\Windows\system32;C:\Windows;C:\Windows\System32\Wbem;C:\Windows\System32\WindowsPowerShell\v1.0\;C:\Program Files (x86)\MySQL\MySQL Utilities 1.6\;C:\Program Files\TortoiseSVN\bin;C:\Program Files\Git\cmd;C:\ProgramData\chocolatey\bin;C:\Program Files\Geth;D:\360Downloads\web3j-3.6.0\bin;C:\Program Files\nodejs\;C:\Program Files\Microsoft SQL Server\120\DTS\Binn\;C:\Program Files\Microsoft SQL Server\Client SDK\ODBC\110\Tools\Binn\;C:\Program Files (x86)\Microsoft SQL Server\120\Tools\Binn\;C:\Program Files\Microsoft SQL Server\120\Tools\Binn\;C:\Program Files (x86)\Microsoft SQL Server\120\Tools\Binn\ManagementStudio\;C:\Program Files (x86)\Microsoft SQL Server\120\DTS\Binn\;C:\Program Files\Redis\;D:\360Downloads\apache-maven-3.6.1\apache-maven-3.6.1\bin;"C:\Windows\system32;C:\Windows;C:\Windows\System32\Wbem;";;C:\Program Files\python;C:\Program Files\python\Scripts;;D:\BtSoft\panel\script;C:\Users\Administrator\AppData\Local\Microsoft\WindowsApps;C:\Program Files\Microsoft VS Code\bin;D:\360Downloads\web3j-3.6.0\bin;C:\Users\Administrator\AppData\Roaming\npm;C:\Program Files\Java\jdk1.8.0_181;;.]
2020-08-14 18:25:17 -Initializing Spring embedded WebApplicationContext
2020-08-14 18:25:17 -Root WebApplicationContext: initialization completed in 2235 ms
2020-08-14 18:25:17 -xss filter init~~~~~~~~~~~~
2020-08-14 18:25:18 -Renegade-四叶草-Hikari - Starting...
2020-08-14 18:25:18 -Renegade-四叶草-Hikari - Start completed.
2020-08-14 18:25:18 -HHH000204: Processing PersistenceUnitInfo [
	name: default
	...]
2020-08-14 18:25:18 -HHH000412: Hibernate Core {5.3.7.Final}
2020-08-14 18:25:18 -HHH000206: hibernate.properties not found
2020-08-14 18:25:18 -HCANN000001: Hibernate Commons Annotations {5.0.4.Final}
2020-08-14 18:25:18 -HHH000400: Using dialect: org.hibernate.dialect.MySQL5Dialect
2020-08-14 18:25:19 -Initialized JPA EntityManagerFactory for persistence unit 'default'
2020-08-14 18:25:19 -Redisson 3.9.1
2020-08-14 18:25:19 -9 connections initialized for 127.0.0.1/127.0.0.1:6379
2020-08-14 18:25:19 -1 connections initialized for 127.0.0.1/127.0.0.1:6379
2020-08-14 18:25:21 -Using default implementation for ThreadExecutor
2020-08-14 18:25:21 -Initialized Scheduler Signaller of type: class org.quartz.core.SchedulerSignalerImpl
2020-08-14 18:25:21 -Quartz Scheduler v.2.3.0 created.
2020-08-14 18:25:21 -RAMJobStore initialized.
2020-08-14 18:25:21 -Scheduler meta-data: Quartz Scheduler (v2.3.0) 'schedulerFactoryBean' with instanceId 'NON_CLUSTERED'
  Scheduler class: 'org.quartz.core.QuartzScheduler' - running locally.
  NOT STARTED.
  Currently in standby mode.
  Number of jobs executed: 0
  Using thread pool 'org.quartz.simpl.SimpleThreadPool' - with 10 threads.
  Using job-store 'org.quartz.simpl.RAMJobStore' - which does not support persistence. and is not clustered.

2020-08-14 18:25:21 -Quartz scheduler 'schedulerFactoryBean' initialized from an externally provided properties instance.
2020-08-14 18:25:21 -Quartz scheduler version: 2.3.0
2020-08-14 18:25:21 -JobFactory set to: org.springframework.scheduling.quartz.AdaptableJobFactory@1ee52741
2020-08-14 18:25:21 -Initializing ExecutorService
2020-08-14 18:25:21 -Initializing ExecutorService 'asyncExecutor'
2020-08-14 18:25:21 -spring.jpa.open-in-view is enabled by default. Therefore, database queries may be performed during view rendering. Explicitly configure spring.jpa.open-in-view to disable this warning
2020-08-14 18:25:21 -[THYMELEAF][main] Template Mode 'LEGACYHTML5' is deprecated. Using Template Mode 'HTML' instead.
2020-08-14 18:25:22 -Initializing ExecutorService 'taskScheduler'
2020-08-14 18:25:22 -Starting Quartz Scheduler now
2020-08-14 18:25:22 -Scheduler schedulerFactoryBean_$_NON_CLUSTERED started.
2020-08-14 18:25:22 -======>>>>>>>>>>>>>RedissionDSHOrder启动OK<<<<<<<<<<<<<<<<================
2020-08-14 18:25:22 -Starting ProtocolHandler ["http-nio-8686"]
2020-08-14 18:25:22 -Using a shared selector for servlet write/read
2020-08-14 18:25:22 -Tomcat started on port(s): 8686 (http) with context path ''
2020-08-14 18:25:22 -Started ShouBaApplication in 7.99 seconds (JVM running for 9.764)
2020-08-14 18:25:48 -Initializing Spring DispatcherServlet 'dispatcherServlet'
2020-08-14 18:25:48 -Initializing Servlet 'dispatcherServlet'
2020-08-14 18:25:48 -Completed initialization in 12 ms
2020-08-14 18:25:48 -==>请求参数 : [{}]
2020-08-14 18:25:48 -==>请求地址 : http://localhost:8686/
2020-08-14 18:25:48 -==>请求头: null格式: GET
2020-08-14 18:25:48 -==>请求加载类方法 : com.renegade.controller.LoginController.welcome
2020-08-14 18:25:48 -耗时 : 2
2020-08-14 18:25:48 -<==返回值 : redirect:/login
2020-08-14 18:25:48 -==>请求参数 : [null, com.renegade.filter.XssHttpServletRequestWrapper@c9eb306]
2020-08-14 18:25:48 -==>请求地址 : http://localhost:8686/login
2020-08-14 18:25:48 -==>请求头: null格式: GET
2020-08-14 18:25:48 -==>请求加载类方法 : com.renegade.controller.LoginController.login
2020-08-14 18:25:48 -耗时 : 8
2020-08-14 18:25:48 -<==返回值 : /login
2020-08-14 18:26:00 -==>请求参数 : [org.apache.catalina.session.StandardSessionFacade@9797592, org.apache.catalina.connector.ResponseFacade@623cfa4, {login_pwd=123456, login_name=yewuyuan, timeStamp=1597400760837, sign=06EECB41F7F0CFD2339CB038DA5F6936}]
2020-08-14 18:26:00 -==>请求地址 : http://localhost:8686/yilian/api/login
2020-08-14 18:26:00 -==>请求头: application/x-www-form-urlencoded; charset=UTF-8格式: POST
2020-08-14 18:26:00 -==>请求加载类方法 : com.renegade.controller.yilian.YilianController.login
2020-08-14 18:26:00 -==>  Preparing: select * from yl_staff_info where login_name=? and login_pwd=? 
2020-08-14 18:26:00 -==> Parameters: yewuyuan(String), 123456(String)
2020-08-14 18:26:00 -<==      Total: 1
2020-08-14 18:26:00 -耗时 : 58
2020-08-14 18:26:00 -<==返回值 : com.renegade.domain.yilian.dto.ResultModel@59b241fb
2020-08-14 18:26:03 -==>请求参数 : [com.renegade.filter.XssHttpServletRequestWrapper@341a1698, org.apache.catalina.connector.ResponseFacade@623cfa4, {}]
2020-08-14 18:26:03 -==>请求地址 : http://localhost:8686/yilian/api/index
2020-08-14 18:26:03 -==>请求头: null格式: GET
2020-08-14 18:26:03 -==>请求加载类方法 : com.renegade.controller.yilian.YilianController.index
2020-08-14 18:26:03 -耗时 : 1
2020-08-14 18:26:03 -<==返回值 : /staff/index
2020-08-14 18:26:05 -==>请求参数 : [org.apache.catalina.session.StandardSessionFacade@9797592, org.apache.catalina.connector.ResponseFacade@5e5483f5, {}, null]
2020-08-14 18:26:05 -==>请求地址 : http://localhost:8686/yilian/api/withholdUser
2020-08-14 18:26:05 -==>请求头: null格式: GET
2020-08-14 18:26:05 -==>请求加载类方法 : com.renegade.controller.yilian.YilianController.withholdUser
2020-08-14 18:26:05 -==>  Preparing: select * from yl_user_info where staff_no=? 
2020-08-14 18:26:05 -==> Parameters: 12(Long)
2020-08-14 18:26:05 -<==      Total: 26
2020-08-14 18:26:05 -耗时 : 38
2020-08-14 18:26:05 -<==返回值 : /staff/withhold
2020-08-14 18:26:19 -==>请求参数 : [org.apache.catalina.session.StandardSessionFacade@9797592, org.apache.catalina.connector.ResponseFacade@e20e9b7, 40]
2020-08-14 18:26:19 -==>请求地址 : http://localhost:8686/yilian/api/sendCodeWithHold/40
2020-08-14 18:26:19 -==>请求头: application/x-www-form-urlencoded; charset=UTF-8格式: POST
2020-08-14 18:26:19 -==>请求加载类方法 : com.renegade.controller.yilian.YilianController.sendCodeWithHold
2020-08-14 18:26:19 -==>  Preparing: select * from yl_user_info where id=? 
2020-08-14 18:26:19 -==> Parameters: 40(String)
2020-08-14 18:26:19 -<==      Total: 1
2020-08-14 18:26:22 -耗时 : 2641
2020-08-14 18:26:22 -<==返回值 : com.renegade.domain.yilian.dto.ResultModel@e543234
2020-08-14 18:27:16 -==>请求参数 : [org.apache.catalina.session.StandardSessionFacade@9797592, org.apache.catalina.connector.ResponseFacade@e20e9b7, 40]
2020-08-14 18:27:16 -==>请求地址 : http://localhost:8686/yilian/api/sendCodeWithHold/40
2020-08-14 18:27:16 -==>请求头: application/x-www-form-urlencoded; charset=UTF-8格式: POST
2020-08-14 18:27:16 -==>请求加载类方法 : com.renegade.controller.yilian.YilianController.sendCodeWithHold
2020-08-14 18:27:16 -==>  Preparing: select * from yl_user_info where id=? 
2020-08-14 18:27:16 -==> Parameters: 40(String)
2020-08-14 18:27:16 -<==      Total: 1
2020-08-14 18:27:17 -耗时 : 1147
2020-08-14 18:27:17 -<==返回值 : com.renegade.domain.yilian.dto.ResultModel@17e83a39
2020-08-14 18:30:21 -Scheduler schedulerFactoryBean_$_NON_CLUSTERED paused.
2020-08-14 18:30:21 -Shutting down ExecutorService 'taskScheduler'
2020-08-14 18:30:21 -Shutting down ExecutorService 'asyncExecutor'
2020-08-14 18:30:21 -Shutting down Quartz Scheduler
2020-08-14 18:30:21 -Scheduler schedulerFactoryBean_$_NON_CLUSTERED shutting down.
2020-08-14 18:30:21 -Scheduler schedulerFactoryBean_$_NON_CLUSTERED paused.
2020-08-14 18:30:21 -Scheduler schedulerFactoryBean_$_NON_CLUSTERED shutdown complete.
2020-08-14 18:30:21 -Exception occured. Channel: [id: 0x1bd03dc2, L:/127.0.0.1:65419 - R:127.0.0.1/127.0.0.1:6379]
java.io.IOException: 远程主机强迫关闭了一个现有的连接。
	at sun.nio.ch.SocketDispatcher.read0(Native Method)
	at sun.nio.ch.SocketDispatcher.read(SocketDispatcher.java:43)
	at sun.nio.ch.IOUtil.readIntoNativeBuffer(IOUtil.java:223)
	at sun.nio.ch.IOUtil.read(IOUtil.java:192)
	at sun.nio.ch.SocketChannelImpl.read(SocketChannelImpl.java:380)
	at io.netty.buffer.PooledUnsafeDirectByteBuf.setBytes(PooledUnsafeDirectByteBuf.java:288)
	at io.netty.buffer.AbstractByteBuf.writeBytes(AbstractByteBuf.java:1132)
	at io.netty.channel.socket.nio.NioSocketChannel.doReadBytes(NioSocketChannel.java:347)
	at io.netty.channel.nio.AbstractNioByteChannel$NioByteUnsafe.read(AbstractNioByteChannel.java:148)
	at io.netty.channel.nio.NioEventLoop.processSelectedKey(NioEventLoop.java:648)
	at io.netty.channel.nio.NioEventLoop.processSelectedKeysOptimized(NioEventLoop.java:583)
	at io.netty.channel.nio.NioEventLoop.processSelectedKeys(NioEventLoop.java:500)
	at io.netty.channel.nio.NioEventLoop.run(NioEventLoop.java:462)
	at io.netty.util.concurrent.SingleThreadEventExecutor$5.run(SingleThreadEventExecutor.java:897)
	at io.netty.util.concurrent.FastThreadLocalRunnable.run(FastThreadLocalRunnable.java:30)
	at java.lang.Thread.run(Thread.java:748)
2020-08-14 18:30:21 -Exception occured. Channel: [id: 0xd78f7b44, L:/127.0.0.1:65424 - R:127.0.0.1/127.0.0.1:6379]
java.io.IOException: 远程主机强迫关闭了一个现有的连接。
	at sun.nio.ch.SocketDispatcher.read0(Native Method)
	at sun.nio.ch.SocketDispatcher.read(SocketDispatcher.java:43)
	at sun.nio.ch.IOUtil.readIntoNativeBuffer(IOUtil.java:223)
	at sun.nio.ch.IOUtil.read(IOUtil.java:192)
	at sun.nio.ch.SocketChannelImpl.read(SocketChannelImpl.java:380)
	at io.netty.buffer.PooledUnsafeDirectByteBuf.setBytes(PooledUnsafeDirectByteBuf.java:288)
	at io.netty.buffer.AbstractByteBuf.writeBytes(AbstractByteBuf.java:1132)
	at io.netty.channel.socket.nio.NioSocketChannel.doReadBytes(NioSocketChannel.java:347)
	at io.netty.channel.nio.AbstractNioByteChannel$NioByteUnsafe.read(AbstractNioByteChannel.java:148)
	at io.netty.channel.nio.NioEventLoop.processSelectedKey(NioEventLoop.java:648)
	at io.netty.channel.nio.NioEventLoop.processSelectedKeysOptimized(NioEventLoop.java:583)
	at io.netty.channel.nio.NioEventLoop.processSelectedKeys(NioEventLoop.java:500)
	at io.netty.channel.nio.NioEventLoop.run(NioEventLoop.java:462)
	at io.netty.util.concurrent.SingleThreadEventExecutor$5.run(SingleThreadEventExecutor.java:897)
	at io.netty.util.concurrent.FastThreadLocalRunnable.run(FastThreadLocalRunnable.java:30)
	at java.lang.Thread.run(Thread.java:748)
2020-08-14 18:30:21 -Exception occured. Channel: [id: 0x7a3a53ac, L:/127.0.0.1:65418 - R:127.0.0.1/127.0.0.1:6379]
java.io.IOException: 远程主机强迫关闭了一个现有的连接。
	at sun.nio.ch.SocketDispatcher.read0(Native Method)
	at sun.nio.ch.SocketDispatcher.read(SocketDispatcher.java:43)
	at sun.nio.ch.IOUtil.readIntoNativeBuffer(IOUtil.java:223)
	at sun.nio.ch.IOUtil.read(IOUtil.java:192)
	at sun.nio.ch.SocketChannelImpl.read(SocketChannelImpl.java:380)
	at io.netty.buffer.PooledUnsafeDirectByteBuf.setBytes(PooledUnsafeDirectByteBuf.java:288)
	at io.netty.buffer.AbstractByteBuf.writeBytes(AbstractByteBuf.java:1132)
	at io.netty.channel.socket.nio.NioSocketChannel.doReadBytes(NioSocketChannel.java:347)
	at io.netty.channel.nio.AbstractNioByteChannel$NioByteUnsafe.read(AbstractNioByteChannel.java:148)
	at io.netty.channel.nio.NioEventLoop.processSelectedKey(NioEventLoop.java:648)
	at io.netty.channel.nio.NioEventLoop.processSelectedKeysOptimized(NioEventLoop.java:583)
	at io.netty.channel.nio.NioEventLoop.processSelectedKeys(NioEventLoop.java:500)
	at io.netty.channel.nio.NioEventLoop.run(NioEventLoop.java:462)
	at io.netty.util.concurrent.SingleThreadEventExecutor$5.run(SingleThreadEventExecutor.java:897)
	at io.netty.util.concurrent.FastThreadLocalRunnable.run(FastThreadLocalRunnable.java:30)
	at java.lang.Thread.run(Thread.java:748)
2020-08-14 18:30:21 -Exception occured. Channel: [id: 0xa903b890, L:/127.0.0.1:65415 - R:127.0.0.1/127.0.0.1:6379]
java.io.IOException: 远程主机强迫关闭了一个现有的连接。
	at sun.nio.ch.SocketDispatcher.read0(Native Method)
	at sun.nio.ch.SocketDispatcher.read(SocketDispatcher.java:43)
	at sun.nio.ch.IOUtil.readIntoNativeBuffer(IOUtil.java:223)
	at sun.nio.ch.IOUtil.read(IOUtil.java:192)
	at sun.nio.ch.SocketChannelImpl.read(SocketChannelImpl.java:380)
	at io.netty.buffer.PooledUnsafeDirectByteBuf.setBytes(PooledUnsafeDirectByteBuf.java:288)
	at io.netty.buffer.AbstractByteBuf.writeBytes(AbstractByteBuf.java:1132)
	at io.netty.channel.socket.nio.NioSocketChannel.doReadBytes(NioSocketChannel.java:347)
	at io.netty.channel.nio.AbstractNioByteChannel$NioByteUnsafe.read(AbstractNioByteChannel.java:148)
	at io.netty.channel.nio.NioEventLoop.processSelectedKey(NioEventLoop.java:648)
	at io.netty.channel.nio.NioEventLoop.processSelectedKeysOptimized(NioEventLoop.java:583)
	at io.netty.channel.nio.NioEventLoop.processSelectedKeys(NioEventLoop.java:500)
	at io.netty.channel.nio.NioEventLoop.run(NioEventLoop.java:462)
	at io.netty.util.concurrent.SingleThreadEventExecutor$5.run(SingleThreadEventExecutor.java:897)
	at io.netty.util.concurrent.FastThreadLocalRunnable.run(FastThreadLocalRunnable.java:30)
	at java.lang.Thread.run(Thread.java:748)
2020-08-14 18:30:21 -Exception occured. Channel: [id: 0xa20025de, L:/127.0.0.1:65420 - R:127.0.0.1/127.0.0.1:6379]
java.io.IOException: 远程主机强迫关闭了一个现有的连接。
	at sun.nio.ch.SocketDispatcher.read0(Native Method)
	at sun.nio.ch.SocketDispatcher.read(SocketDispatcher.java:43)
	at sun.nio.ch.IOUtil.readIntoNativeBuffer(IOUtil.java:223)
	at sun.nio.ch.IOUtil.read(IOUtil.java:192)
	at sun.nio.ch.SocketChannelImpl.read(SocketChannelImpl.java:380)
	at io.netty.buffer.PooledUnsafeDirectByteBuf.setBytes(PooledUnsafeDirectByteBuf.java:288)
	at io.netty.buffer.AbstractByteBuf.writeBytes(AbstractByteBuf.java:1132)
	at io.netty.channel.socket.nio.NioSocketChannel.doReadBytes(NioSocketChannel.java:347)
	at io.netty.channel.nio.AbstractNioByteChannel$NioByteUnsafe.read(AbstractNioByteChannel.java:148)
	at io.netty.channel.nio.NioEventLoop.processSelectedKey(NioEventLoop.java:648)
	at io.netty.channel.nio.NioEventLoop.processSelectedKeysOptimized(NioEventLoop.java:583)
	at io.netty.channel.nio.NioEventLoop.processSelectedKeys(NioEventLoop.java:500)
	at io.netty.channel.nio.NioEventLoop.run(NioEventLoop.java:462)
	at io.netty.util.concurrent.SingleThreadEventExecutor$5.run(SingleThreadEventExecutor.java:897)
	at io.netty.util.concurrent.FastThreadLocalRunnable.run(FastThreadLocalRunnable.java:30)
	at java.lang.Thread.run(Thread.java:748)
2020-08-14 18:30:21 -Exception occured. Channel: [id: 0xf1299be3, L:/127.0.0.1:65417 - R:127.0.0.1/127.0.0.1:6379]
java.io.IOException: 远程主机强迫关闭了一个现有的连接。
	at sun.nio.ch.SocketDispatcher.read0(Native Method)
	at sun.nio.ch.SocketDispatcher.read(SocketDispatcher.java:43)
	at sun.nio.ch.IOUtil.readIntoNativeBuffer(IOUtil.java:223)
	at sun.nio.ch.IOUtil.read(IOUtil.java:192)
	at sun.nio.ch.SocketChannelImpl.read(SocketChannelImpl.java:380)
	at io.netty.buffer.PooledUnsafeDirectByteBuf.setBytes(PooledUnsafeDirectByteBuf.java:288)
	at io.netty.buffer.AbstractByteBuf.writeBytes(AbstractByteBuf.java:1132)
	at io.netty.channel.socket.nio.NioSocketChannel.doReadBytes(NioSocketChannel.java:347)
	at io.netty.channel.nio.AbstractNioByteChannel$NioByteUnsafe.read(AbstractNioByteChannel.java:148)
	at io.netty.channel.nio.NioEventLoop.processSelectedKey(NioEventLoop.java:648)
	at io.netty.channel.nio.NioEventLoop.processSelectedKeysOptimized(NioEventLoop.java:583)
	at io.netty.channel.nio.NioEventLoop.processSelectedKeys(NioEventLoop.java:500)
	at io.netty.channel.nio.NioEventLoop.run(NioEventLoop.java:462)
	at io.netty.util.concurrent.SingleThreadEventExecutor$5.run(SingleThreadEventExecutor.java:897)
	at io.netty.util.concurrent.FastThreadLocalRunnable.run(FastThreadLocalRunnable.java:30)
	at java.lang.Thread.run(Thread.java:748)
2020-08-14 18:30:21 -Exception occured. Channel: [id: 0xf47ee5a4, L:/127.0.0.1:65416 - R:127.0.0.1/127.0.0.1:6379]
java.io.IOException: 远程主机强迫关闭了一个现有的连接。
	at sun.nio.ch.SocketDispatcher.read0(Native Method)
	at sun.nio.ch.SocketDispatcher.read(SocketDispatcher.java:43)
	at sun.nio.ch.IOUtil.readIntoNativeBuffer(IOUtil.java:223)
	at sun.nio.ch.IOUtil.read(IOUtil.java:192)
	at sun.nio.ch.SocketChannelImpl.read(SocketChannelImpl.java:380)
	at io.netty.buffer.PooledUnsafeDirectByteBuf.setBytes(PooledUnsafeDirectByteBuf.java:288)
	at io.netty.buffer.AbstractByteBuf.writeBytes(AbstractByteBuf.java:1132)
	at io.netty.channel.socket.nio.NioSocketChannel.doReadBytes(NioSocketChannel.java:347)
	at io.netty.channel.nio.AbstractNioByteChannel$NioByteUnsafe.read(AbstractNioByteChannel.java:148)
	at io.netty.channel.nio.NioEventLoop.processSelectedKey(NioEventLoop.java:648)
	at io.netty.channel.nio.NioEventLoop.processSelectedKeysOptimized(NioEventLoop.java:583)
	at io.netty.channel.nio.NioEventLoop.processSelectedKeys(NioEventLoop.java:500)
	at io.netty.channel.nio.NioEventLoop.run(NioEventLoop.java:462)
	at io.netty.util.concurrent.SingleThreadEventExecutor$5.run(SingleThreadEventExecutor.java:897)
	at io.netty.util.concurrent.FastThreadLocalRunnable.run(FastThreadLocalRunnable.java:30)
	at java.lang.Thread.run(Thread.java:748)
2020-08-14 18:30:21 -Exception occured. Channel: [id: 0x74ea5e3b, L:/127.0.0.1:65422 - R:127.0.0.1/127.0.0.1:6379]
java.io.IOException: 远程主机强迫关闭了一个现有的连接。
	at sun.nio.ch.SocketDispatcher.read0(Native Method)
	at sun.nio.ch.SocketDispatcher.read(SocketDispatcher.java:43)
	at sun.nio.ch.IOUtil.readIntoNativeBuffer(IOUtil.java:223)
	at sun.nio.ch.IOUtil.read(IOUtil.java:192)
	at sun.nio.ch.SocketChannelImpl.read(SocketChannelImpl.java:380)
	at io.netty.buffer.PooledUnsafeDirectByteBuf.setBytes(PooledUnsafeDirectByteBuf.java:288)
	at io.netty.buffer.AbstractByteBuf.writeBytes(AbstractByteBuf.java:1132)
	at io.netty.channel.socket.nio.NioSocketChannel.doReadBytes(NioSocketChannel.java:347)
	at io.netty.channel.nio.AbstractNioByteChannel$NioByteUnsafe.read(AbstractNioByteChannel.java:148)
	at io.netty.channel.nio.NioEventLoop.processSelectedKey(NioEventLoop.java:648)
	at io.netty.channel.nio.NioEventLoop.processSelectedKeysOptimized(NioEventLoop.java:583)
	at io.netty.channel.nio.NioEventLoop.processSelectedKeys(NioEventLoop.java:500)
	at io.netty.channel.nio.NioEventLoop.run(NioEventLoop.java:462)
	at io.netty.util.concurrent.SingleThreadEventExecutor$5.run(SingleThreadEventExecutor.java:897)
	at io.netty.util.concurrent.FastThreadLocalRunnable.run(FastThreadLocalRunnable.java:30)
	at java.lang.Thread.run(Thread.java:748)
2020-08-14 18:30:21 -Exception occured. Channel: [id: 0xe026d1bb, L:/127.0.0.1:65423 - R:127.0.0.1/127.0.0.1:6379]
java.io.IOException: 远程主机强迫关闭了一个现有的连接。
	at sun.nio.ch.SocketDispatcher.read0(Native Method)
	at sun.nio.ch.SocketDispatcher.read(SocketDispatcher.java:43)
	at sun.nio.ch.IOUtil.readIntoNativeBuffer(IOUtil.java:223)
	at sun.nio.ch.IOUtil.read(IOUtil.java:192)
	at sun.nio.ch.SocketChannelImpl.read(SocketChannelImpl.java:380)
	at io.netty.buffer.PooledUnsafeDirectByteBuf.setBytes(PooledUnsafeDirectByteBuf.java:288)
	at io.netty.buffer.AbstractByteBuf.writeBytes(AbstractByteBuf.java:1132)
	at io.netty.channel.socket.nio.NioSocketChannel.doReadBytes(NioSocketChannel.java:347)
	at io.netty.channel.nio.AbstractNioByteChannel$NioByteUnsafe.read(AbstractNioByteChannel.java:148)
	at io.netty.channel.nio.NioEventLoop.processSelectedKey(NioEventLoop.java:648)
	at io.netty.channel.nio.NioEventLoop.processSelectedKeysOptimized(NioEventLoop.java:583)
	at io.netty.channel.nio.NioEventLoop.processSelectedKeys(NioEventLoop.java:500)
	at io.netty.channel.nio.NioEventLoop.run(NioEventLoop.java:462)
	at io.netty.util.concurrent.SingleThreadEventExecutor$5.run(SingleThreadEventExecutor.java:897)
	at io.netty.util.concurrent.FastThreadLocalRunnable.run(FastThreadLocalRunnable.java:30)
	at java.lang.Thread.run(Thread.java:748)
2020-08-14 18:30:21 -Closing JPA EntityManagerFactory for persistence unit 'default'
2020-08-14 18:30:21 -Renegade-四叶草-Hikari - Shutdown initiated...
2020-08-14 18:30:21 -Renegade-四叶草-Hikari - Shutdown completed.
